build/app/outputs/mapping/release/mapping.txt
# compiler: R8
# compiler_version: 1.5.64
# min_api: 16
# pg_map_id: d75e778
...
io.flutter.plugins.pathprovider.PathProviderPlugin$UiThreadExecutor -> io.flutter.plugins.a.h$b:
    android.os.Handler handler -> a
io.flutter.plugins.pathprovider.StorageDirectoryMapper -> io.flutter.plugins.a.i:
    java.lang.String androidType(java.lang.Integer) -> a
io.flutter.util.PathUtils -> c.a.d.a:
    java.lang.String getCacheDirectory(android.content.Context) -> a
    java.lang.String getDataDirectory(android.content.Context) -> b
    java.lang.String getFilesDir(android.content.Context) -> c
io.flutter.util.Predicate -> c.a.d.b:
    boolean test(java.lang.Object) -> a
io.flutter.view.-$$Lambda$AccessibilityBridge$JBDpWWlF54eN0gel8Jn1hY7yOmE -> io.flutter.view.a:
    io.flutter.view.AccessibilityBridge$SemanticsNode f$0 -> a
    boolean test(java.lang.Object) -> a
io.flutter.view.-$$Lambda$AccessibilityBridge$_xgAbWhyKyeHrMGUVUYzbSFEeBY -> io.flutter.view.b:
    io.flutter.view.-$$Lambda$AccessibilityBridge$_xgAbWhyKyeHrMGUVUYzbSFEeBY INSTANCE -> a
    boolean test(java.lang.Object) -> a
io.flutter.view.AccessibilityBridge -> io.flutter.view.c:
    io.flutter.view.AccessibilityViewEmbedder accessibilityViewEmbedder -> d
    io.flutter.embedding.engine.systemchannels.AccessibilityChannel accessibilityChannel -> b
    int accessibilityFeatureFlags -> l
    java.util.List flutterNavigationStack -> p
    io.flutter.plugin.platform.PlatformViewsAccessibilityDelegate platformViewsAccessibilityDelegate -> e
    io.flutter.view.AccessibilityBridge$OnAccessibilityChangeListener onAccessibilityChangeListener -> s
    int FIRST_RESOURCE_ID -> y
    io.flutter.view.AccessibilityBridge$SemanticsNode lastInputFocusedSemanticsNode -> n
    android.database.ContentObserver animationScaleObserver -> x
    android.view.View rootAccessibilityView -> a
    android.view.accessibility.AccessibilityManager accessibilityManager -> c
    java.util.Map flutterSemanticsTree -> g
    int previousRouteId -> q
    java.lang.Integer lastLeftFrameInset -> r
    java.lang.Integer embeddedAccessibilityFocusedNodeId -> j
    android.view.accessibility.AccessibilityManager$TouchExplorationStateChangeListener touchExplorationStateChangeListener -> w
    boolean isReleased -> t
    io.flutter.embedding.engine.systemchannels.AccessibilityChannel$AccessibilityMessageHandler accessibilityMessageHandler -> u
    io.flutter.view.AccessibilityBridge$SemanticsNode inputFocusedSemanticsNode -> m
    io.flutter.view.AccessibilityBridge$SemanticsNode hoveredObject -> o
io.flutter.view.AccessibilityBridge$1 -> io.flutter.view.c$a:
    io.flutter.view.AccessibilityBridge this$0 -> a
    void onTap(int) -> a
    void onTooltip(java.lang.String) -> a
    void updateCustomAccessibilityActions(java.nio.ByteBuffer,java.lang.String[]) -> a
    void announce(java.lang.String) -> b
    void onLongPress(int) -> b
    void updateSemantics(java.nio.ByteBuffer,java.lang.String[]) -> b
io.flutter.view.AccessibilityBridge$2 -> io.flutter.view.c$b:
    io.flutter.view.AccessibilityBridge this$0 -> a
io.flutter.view.AccessibilityBridge$3 -> io.flutter.view.c$c:
    io.flutter.view.AccessibilityBridge this$0 -> a
io.flutter.view.AccessibilityBridge$4 -> io.flutter.view.c$d:
    android.view.accessibility.AccessibilityManager val$accessibilityManager -> a
    io.flutter.view.AccessibilityBridge this$0 -> b
io.flutter.view.AccessibilityBridge$AccessibilityFeature -> io.flutter.view.c$e:
    io.flutter.view.AccessibilityBridge$AccessibilityFeature ACCESSIBLE_NAVIGATION -> b
    io.flutter.view.AccessibilityBridge$AccessibilityFeature INVERT_COLORS -> c
    io.flutter.view.AccessibilityBridge$AccessibilityFeature DISABLE_ANIMATIONS -> d
    io.flutter.view.AccessibilityBridge$AccessibilityFeature[] $VALUES -> e
    int value -> a